<?xml version="1.0" encoding="UTF-8"?>
<!-- Generated by org.testng.reporters.JUnitReportReporter -->
<testsuite hostname="N-20N3PF2279ZL" failures="0" tests="1" name="com.synity.test.AddNewtargetTest" time="8.638" errors="0" timestamp="25 Jun 2021 19:17:46 GMT" skipped="0">
  <testcase classname="com.synity.test.AddNewtargetTest" name="launchGoogle" time="8.638"/>
</testsuite> <!-- com.synity.test.AddNewtargetTest -->
